FinalProject/app/build/intermediates/manifest_merge_blame_file/debug/manifest-merger-blame-debug-report.txt
1<?xml version="1.0" encoding="utf-8"?>
2<manifest xmlns:android="http://schemas.android.com/apk/res/android"
3    package="com.example.finalproject"
4    android:versionCode="1"
5    android:versionName="1.0" >
6
7    <uses-sdk
8        android:minSdkVersion="21"
8-->src\main\AndroidManifest.xml
9        android:targetSdkVersion="30" />
9-->src\main\AndroidManifest.xml
10
11    <application
11-->src\main\AndroidManifest.xml:5:5-22:19
12        android:allowBackup="true"
12-->src\main\AndroidManifest.xml:6:9-35
13        android:appComponentFactory="androidx.core.app.CoreComponentFactory"
13-->[androidx.core:core:1.7.0] AndroidManifest.xml:24:18-86
14        android:debuggable="true"
15        android:icon="@mipmap/ic_launcher"
15-->src\main\AndroidManifest.xml:7:9-43
16        android:label="@string/app_name"
16-->src\main\AndroidManifest.xml:8:9-41
17        android:roundIcon="@mipmap/ic_launcher_round"
17-->src\main\AndroidManifest.xml:9:9-54
18        android:supportsRtl="true"
18-->src\main\AndroidManifest.xml:10:9-35
19        android:testOnly="true"
20        android:theme="@style/Theme.FinalProject" >
20-->src\main\AndroidManifest.xml:11:9-50
21        <activity android:name="com.example.finalproject.HomeActivity" />
21-->src\main\AndroidManifest.xml:12:9-59
21-->src\main\AndroidManifest.xml:12:19-47
22        <activity
22-->src\main\AndroidManifest.xml:13:9-21:20
23            android:name="com.example.finalproject.MainActivity"
23-->src\main\AndroidManifest.xml:14:13-41
24            android:theme="@style/Theme.AppCompat.NoActionBar" >
24-->src\main\AndroidManifest.xml:15:13-63
25            <intent-filter>
25-->src\main\AndroidManifest.xml:16:13-20:29
26                <action android:name="android.intent.action.MAIN" />
26-->src\main\AndroidManifest.xml:17:17-69
26-->src\main\AndroidManifest.xml:17:25-66
27
28                <category android:name="android.intent.category.LAUNCHER" />
28-->src\main\AndroidManifest.xml:19:17-77
28-->src\main\AndroidManifest.xml:19:27-74
29            </intent-filter>
30        </activity>
31
32        <provider
32-->[androidx.emoji2:emoji2:1.0.0] AndroidManifest.xml:26:9-34:20
33            android:name="androidx.startup.InitializationProvider"
33-->[androidx.emoji2:emoji2:1.0.0] AndroidManifest.xml:27:13-67
34            android:authorities="com.example.finalproject.androidx-startup"
34-->[androidx.emoji2:emoji2:1.0.0] AndroidManifest.xml:28:13-68
35            android:exported="false" >
35-->[androidx.emoji2:emoji2:1.0.0] AndroidManifest.xml:29:13-37
36            <meta-data
36-->[androidx.emoji2:emoji2:1.0.0] AndroidManifest.xml:31:13-33:52
37                android:name="androidx.emoji2.text.EmojiCompatInitializer"
37-->[androidx.emoji2:emoji2:1.0.0] AndroidManifest.xml:32:17-75
38                android:value="androidx.startup" />
38-->[androidx.emoji2:emoji2:1.0.0] AndroidManifest.xml:33:17-49
39            <meta-data
39-->[androidx.lifecycle:lifecycle-process:2.4.0] AndroidManifest.xml:31:13-33:52
40                android:name="androidx.lifecycle.ProcessLifecycleInitializer"
40-->[androidx.lifecycle:lifecycle-process:2.4.0] AndroidManifest.xml:32:17-78
41                android:value="androidx.startup" />
41-->[androidx.lifecycle:lifecycle-process:2.4.0] AndroidManifest.xml:33:17-49
42            <meta-data
42-->[androidx.profileinstaller:profileinstaller:1.0.1] AndroidManifest.xml:31:13-33:52
43                android:name="androidx.profileinstaller.ProfileInstallerInitializer"
43-->[androidx.profileinstaller:profileinstaller:1.0.1] AndroidManifest.xml:32:17-85
44                android:value="androidx.startup" />
44-->[androidx.profileinstaller:profileinstaller:1.0.1] AndroidManifest.xml:33:17-49
45        </provider>
46
47        <service
47-->[androidx.room:room-runtime:2.3.0] AndroidManifest.xml:25:9-28:40
48            android:name="androidx.room.MultiInstanceInvalidationService"
48-->[androidx.room:room-runtime:2.3.0] AndroidManifest.xml:26:13-74
49            android:directBootAware="true"
49-->[androidx.room:room-runtime:2.3.0] AndroidManifest.xml:27:13-43
50            android:exported="false" />
50-->[androidx.room:room-runtime:2.3.0] AndroidManifest.xml:28:13-37
51
52        <receiver
52-->[androidx.profileinstaller:profileinstaller:1.0.1] AndroidManifest.xml:36:9-45:20
53            android:name="androidx.profileinstaller.ProfileInstallReceiver"
53-->[androidx.profileinstaller:profileinstaller:1.0.1] AndroidManifest.xml:37:13-76
54            android:directBootAware="false"
54-->[androidx.profileinstaller:profileinstaller:1.0.1] AndroidManifest.xml:38:13-44
55            android:enabled="true"
55-->[androidx.profileinstaller:profileinstaller:1.0.1] AndroidManifest.xml:39:13-35
56            android:exported="true"
56-->[androidx.profileinstaller:profileinstaller:1.0.1] AndroidManifest.xml:40:13-36
57            android:permission="android.permission.DUMP" >
57-->[androidx.profileinstaller:profileinstaller:1.0.1] AndroidManifest.xml:41:13-57
58            <intent-filter>
58-->[androidx.profileinstaller:profileinstaller:1.0.1] AndroidManifest.xml:42:13-44:29
59                <action android:name="androidx.profileinstaller.action.INSTALL_PROFILE" />
59-->[androidx.profileinstaller:profileinstaller:1.0.1] AndroidManifest.xml:43:17-91
59-->[androidx.profileinstaller:profileinstaller:1.0.1] AndroidManifest.xml:43:25-88
60            </intent-filter>
61        </receiver>
62    </application>
63
64</manifest>